MSBuild version 17.6.11+5eb99e6e9 for .NET
  Determining projects to restore...
  All projects are up-to-date for restore.
/usr/local/share/dotnet/sdk/7.0.316/Sdks/Microsoft.NET.Sdk.Razor/targets/Sdk.Razor.CurrentVersion.targets(461,5): warning RAZORSDK1006: Detected Razor language version downgrade. This is typically caused by a reference to the Microsoft.AspNetCore.Razor.Design package. Consider removing this package reference. [/Users/nkostop/Sites/NBG/AutoCode/tempcode/ProjectName/ProjectName.csproj]
/Users/nkostop/Sites/NBG/AutoCode/tempcode/ProjectName/Implementations/BlogCategoryService.cs(167,9): error CS8803: Top-level statements must precede namespace and type declarations. [/Users/nkostop/Sites/NBG/AutoCode/tempcode/ProjectName/ProjectName.csproj]
/Users/nkostop/Sites/NBG/AutoCode/tempcode/ProjectName/Implementations/BlogCategoryService.cs(167,9): error CS0106: The modifier 'public' is not valid for this item [/Users/nkostop/Sites/NBG/AutoCode/tempcode/ProjectName/ProjectName.csproj]
/Users/nkostop/Sites/NBG/AutoCode/tempcode/ProjectName/Implementations/BlogCategoryService.cs(182,5): error CS1022: Type or namespace definition, or end-of-file expected [/Users/nkostop/Sites/NBG/AutoCode/tempcode/ProjectName/ProjectName.csproj]
/Users/nkostop/Sites/NBG/AutoCode/tempcode/ProjectName/Implementations/BlogCategoryService.cs(183,1): error CS1022: Type or namespace definition, or end-of-file expected [/Users/nkostop/Sites/NBG/AutoCode/tempcode/ProjectName/ProjectName.csproj]

Build FAILED.

/usr/local/share/dotnet/sdk/7.0.316/Sdks/Microsoft.NET.Sdk.Razor/targets/Sdk.Razor.CurrentVersion.targets(461,5): warning RAZORSDK1006: Detected Razor language version downgrade. This is typically caused by a reference to the Microsoft.AspNetCore.Razor.Design package. Consider removing this package reference. [/Users/nkostop/Sites/NBG/AutoCode/tempcode/ProjectName/ProjectName.csproj]
/Users/nkostop/Sites/NBG/AutoCode/tempcode/ProjectName/Implementations/BlogCategoryService.cs(167,9): error CS8803: Top-level statements must precede namespace and type declarations. [/Users/nkostop/Sites/NBG/AutoCode/tempcode/ProjectName/ProjectName.csproj]
/Users/nkostop/Sites/NBG/AutoCode/tempcode/ProjectName/Implementations/BlogCategoryService.cs(167,9): error CS0106: The modifier 'public' is not valid for this item [/Users/nkostop/Sites/NBG/AutoCode/tempcode/ProjectName/ProjectName.csproj]
/Users/nkostop/Sites/NBG/AutoCode/tempcode/ProjectName/Implementations/BlogCategoryService.cs(182,5): error CS1022: Type or namespace definition, or end-of-file expected [/Users/nkostop/Sites/NBG/AutoCode/tempcode/ProjectName/ProjectName.csproj]
/Users/nkostop/Sites/NBG/AutoCode/tempcode/ProjectName/Implementations/BlogCategoryService.cs(183,1): error CS1022: Type or namespace definition, or end-of-file expected [/Users/nkostop/Sites/NBG/AutoCode/tempcode/ProjectName/ProjectName.csproj]
    1 Warning(s)
    4 Error(s)

Time Elapsed 00:00:00.58
